01-Jun-2026 14:08:39.811 INFO [main] org.apache.catalina.startup.VersionLoggerListener.log Server version name:   Apache Tomcat/9.0.106
01-Jun-2026 14:08:39.820 INFO [main] org.apache.catalina.startup.VersionLoggerListener.log Server built:          Jun 5 2025 19:02:30 UTC
01-Jun-2026 14:08:39.821 INFO [main] org.apache.catalina.startup.VersionLoggerListener.log Server version number: 9.0.106.0
01-Jun-2026 14:08:39.821 INFO [main] org.apache.catalina.startup.VersionLoggerListener.log OS Name:               Windows 11
01-Jun-2026 14:08:39.821 INFO [main] org.apache.catalina.startup.VersionLoggerListener.log OS Version:            10.0
01-Jun-2026 14:08:39.821 INFO [main] org.apache.catalina.startup.VersionLoggerListener.log Architecture:          amd64
01-Jun-2026 14:08:39.821 INFO [main] org.apache.catalina.startup.VersionLoggerListener.log Java Home:             C:\Users\FPT\.jdks\temurin-21.0.11
01-Jun-2026 14:08:39.822 INFO [main] org.apache.catalina.startup.VersionLoggerListener.log JVM Version:           21.0.11+10-LTS
01-Jun-2026 14:08:39.822 INFO [main] org.apache.catalina.startup.VersionLoggerListener.log JVM Vendor:            Eclipse Adoptium
01-Jun-2026 14:08:39.822 INFO [main] org.apache.catalina.startup.VersionLoggerListener.log CATALINA_BASE:         C:\Users\FPT\IdeaProjects\jav101-lab4-anhtuan328\.tomcat
01-Jun-2026 14:08:39.822 INFO [main] org.apache.catalina.startup.VersionLoggerListener.log CATALINA_HOME:         C:\apache-tomcat-9.0.106
01-Jun-2026 14:08:39.847 INFO [main] org.apache.catalina.startup.VersionLoggerListener.log Command line argument: --add-opens=java.base/java.lang=ALL-UNNAMED
01-Jun-2026 14:08:39.847 INFO [main] org.apache.catalina.startup.VersionLoggerListener.log Command line argument: --add-opens=java.base/java.io=ALL-UNNAMED
01-Jun-2026 14:08:39.847 INFO [main] org.apache.catalina.startup.VersionLoggerListener.log Command line argument: --add-opens=java.base/java.util=ALL-UNNAMED
01-Jun-2026 14:08:39.848 INFO [main] org.apache.catalina.startup.VersionLoggerListener.log Command line argument: --add-opens=java.base/java.util.concurrent=ALL-UNNAMED
01-Jun-2026 14:08:39.848 INFO [main] org.apache.catalina.startup.VersionLoggerListener.log Command line argument: --add-opens=java.rmi/sun.rmi.transport=ALL-UNNAMED
01-Jun-2026 14:08:39.848 INFO [main] org.apache.catalina.startup.VersionLoggerListener.log Command line argument: -Dcatalina.home=C:\apache-tomcat-9.0.106
01-Jun-2026 14:08:39.848 INFO [main] org.apache.catalina.startup.VersionLoggerListener.log Command line argument: -Dcatalina.base=C:\Users\FPT\IdeaProjects\jav101-lab4-anhtuan328\.tomcat
01-Jun-2026 14:08:39.848 INFO [main] org.apache.catalina.startup.VersionLoggerListener.log Command line argument: -Djava.io.tmpdir=C:\Users\FPT\IdeaProjects\jav101-lab4-anhtuan328\.tomcat\temp
01-Jun-2026 14:08:39.848 INFO [main] org.apache.catalina.startup.VersionLoggerListener.log Command line argument: -Djava.util.logging.config.file=C:\Users\FPT\IdeaProjects\jav101-lab4-anhtuan328\.tomcat\conf\logging.properties
01-Jun-2026 14:08:39.850 INFO [main] org.apache.catalina.startup.VersionLoggerListener.log Command line argument: -Djava.util.logging.manager=org.apache.juli.ClassLoaderLogManager
01-Jun-2026 14:08:39.850 INFO [main] org.apache.catalina.startup.VersionLoggerListener.log Command line argument: -javaagent:C:\Program Files\JetBrains\IntelliJ IDEA 2026.1.1\lib\idea_rt.jar=65123
01-Jun-2026 14:08:39.851 INFO [main] org.apache.catalina.startup.VersionLoggerListener.log Command line argument: -Dfile.encoding=UTF-8
01-Jun-2026 14:08:39.851 INFO [main] org.apache.catalina.startup.VersionLoggerListener.log Command line argument: -Dsun.stdout.encoding=UTF-8
01-Jun-2026 14:08:39.851 INFO [main] org.apache.catalina.startup.VersionLoggerListener.log Command line argument: -Dsun.stderr.encoding=UTF-8
01-Jun-2026 14:08:39.870 INFO [main] org.apache.catalina.core.AprLifecycleListener.lifecycleEvent Loaded Apache Tomcat Native library [1.3.1] using APR version [1.7.4].
01-Jun-2026 14:08:39.870 INFO [main] org.apache.catalina.core.AprLifecycleListener.lifecycleEvent APR capabilities: IPv6 [true], sendfile [true], accept filters [false], random [true], UDS [true].
01-Jun-2026 14:08:39.871 INFO [main] org.apache.catalina.core.AprLifecycleListener.lifecycleEvent APR/OpenSSL configuration: useAprConnector [false], useOpenSSL [true]
01-Jun-2026 14:08:39.923 INFO [main] org.apache.catalina.core.AprLifecycleListener.initializeSSL OpenSSL successfully initialized [OpenSSL 3.0.14 4 Jun 2024]
01-Jun-2026 14:08:40.973 INFO [main] org.apache.coyote.AbstractProtocol.init Initializing ProtocolHandler ["http-nio-8080"]
01-Jun-2026 14:08:41.037 INFO [main] org.apache.catalina.startup.Catalina.load Server initialization in [2084] milliseconds
01-Jun-2026 14:08:41.176 INFO [main] org.apache.catalina.core.StandardService.startInternal Starting service [Catalina]
01-Jun-2026 14:08:41.177 INFO [main] org.apache.catalina.core.StandardEngine.startInternal Starting Servlet engine: [Apache Tomcat/9.0.106]
01-Jun-2026 14:08:41.214 INFO [main] org.apache.catalina.startup.HostConfig.deployDescriptor Deploying deployment descriptor [C:\Users\FPT\IdeaProjects\jav101-lab4-anhtuan328\.tomcat\conf\Catalina\localhost\jav101-lab4-anhtuan328.xml]
01-Jun-2026 14:08:44.430 INFO [main] org.apache.jasper.servlet.TldScanner.scanJars At least one JAR was scanned for TLDs yet contained no TLDs. Enable debug logging for this logger for a complete list of JARs that were scanned but no TLDs were found in them. Skipping unneeded JARs during scanning can improve startup time and JSP compilation time.
01-Jun-2026 14:08:44.719 INFO [main] org.apache.catalina.startup.HostConfig.deployDescriptor Deployment of deployment descriptor [C:\Users\FPT\IdeaProjects\jav101-lab4-anhtuan328\.tomcat\conf\Catalina\localhost\jav101-lab4-anhtuan328.xml] has finished in [3,503] ms
01-Jun-2026 14:08:44.731 INFO [main] org.apache.coyote.AbstractProtocol.start Starting ProtocolHandler ["http-nio-8080"]
01-Jun-2026 14:08:44.789 INFO [main] org.apache.catalina.startup.Catalina.start Server startup in [3747] milliseconds
